c:\users\user\source\repos\consoleapplication7\consoleapplication7\x64\debug\vc143.pdb
c:\users\user\source\repos\consoleapplication7\consoleapplication7\x64\debug\vc143.idb
c:\users\user\source\repos\consoleapplication7\consoleapplication7\x64\debug\pair.obj
c:\users\user\source\repos\consoleapplication7\consoleapplication7\x64\debug\money.obj
c:\users\user\source\repos\consoleapplication7\consoleapplication7\x64\debug\main.obj
c:\users\user\source\repos\consoleapplication7\consoleapplication7\x64\debug\fraction.obj
c:\users\user\source\repos\consoleapplication7\consoleapplication7\x64\debug\consoleapplication7.ilk
c:\users\user\source\repos\consoleapplication7\x64\debug\consoleapplication7.pdb
c:\users\user\source\repos\consoleapplication7\consoleapplication7\x64\debug\consolea.a50b1054.tlog\cl.command.1.tlog
c:\users\user\source\repos\consoleapplication7\consoleapplication7\x64\debug\consolea.a50b1054.tlog\cl.items.tlog
c:\users\user\source\repos\consoleapplication7\consoleapplication7\x64\debug\consolea.a50b1054.tlog\cl.read.1.tlog
c:\users\user\source\repos\consoleapplication7\consoleapplication7\x64\debug\consolea.a50b1054.tlog\cl.write.1.tlog
c:\users\user\source\repos\consoleapplication7\consoleapplication7\x64\debug\consolea.a50b1054.tlog\link.6840-cvtres.read.1.tlog
c:\users\user\source\repos\consoleapplication7\consoleapplication7\x64\debug\consolea.a50b1054.tlog\link.6840-cvtres.write.1.tlog
c:\users\user\source\repos\consoleapplication7\consoleapplication7\x64\debug\consolea.a50b1054.tlog\link.6840-rc.read.1.tlog
c:\users\user\source\repos\consoleapplication7\consoleapplication7\x64\debug\consolea.a50b1054.tlog\link.6840-rc.write.1.tlog
c:\users\user\source\repos\consoleapplication7\consoleapplication7\x64\debug\consolea.a50b1054.tlog\link.6840.read.1.tlog
c:\users\user\source\repos\consoleapplication7\consoleapplication7\x64\debug\consolea.a50b1054.tlog\link.6840.read.2.tlog
c:\users\user\source\repos\consoleapplication7\consoleapplication7\x64\debug\consolea.a50b1054.tlog\link.6840.write.1.tlog
c:\users\user\source\repos\consoleapplication7\consoleapplication7\x64\debug\consolea.a50b1054.tlog\link.command.1.tlog
c:\users\user\source\repos\consoleapplication7\consoleapplication7\x64\debug\consolea.a50b1054.tlog\link.read.1.tlog
c:\users\user\source\repos\consoleapplication7\consoleapplication7\x64\debug\consolea.a50b1054.tlog\link.secondary.1.tlog
c:\users\user\source\repos\consoleapplication7\consoleapplication7\x64\debug\consolea.a50b1054.tlog\link.write.1.tlog
