main.obj : error LNK2019: ссылка на неразрешенный внешний символ "public: __cdecl Deque<int>::Deque<int>(void)" (??0?$Deque@H@@QEAA@XZ) в функции main.
main.obj : error LNK2019: ссылка на неразрешенный внешний символ "public: __cdecl Deque<int>::Deque<int>(class Deque<int> const &)" (??0?$Deque@H@@QEAA@AEBV0@@Z) в функции main.
main.obj : error LNK2019: ссылка на неразрешенный внешний символ "public: __cdecl Deque<int>::~Deque<int>(void)" (??1?$Deque@H@@QEAA@XZ) в функции main.
main.obj : error LNK2019: ссылка на неразрешенный внешний символ "public: int & __cdecl Deque<int>::front(void)" (?front@?$Deque@H@@QEAAAEAHXZ) в функции main.
main.obj : error LNK2019: ссылка на неразрешенный внешний символ "public: int & __cdecl Deque<int>::back(void)" (?back@?$Deque@H@@QEAAAEAHXZ) в функции main.
main.obj : error LNK2019: ссылка на неразрешенный внешний символ "public: bool __cdecl Deque<int>::isEmpty(void)const " (?isEmpty@?$Deque@H@@QEBA_NXZ) в функции main.
main.obj : error LNK2019: ссылка на неразрешенный внешний символ "public: unsigned __int64 __cdecl Deque<int>::size(void)const " (?size@?$Deque@H@@QEBA_KXZ) в функции main.
main.obj : error LNK2019: ссылка на неразрешенный внешний символ "public: void __cdecl Deque<int>::pushFront(int const &)" (?pushFront@?$Deque@H@@QEAAXAEBH@Z) в функции main.
main.obj : error LNK2019: ссылка на неразрешенный внешний символ "public: void __cdecl Deque<int>::pushBack(int const &)" (?pushBack@?$Deque@H@@QEAAXAEBH@Z) в функции main.
main.obj : error LNK2019: ссылка на неразрешенный внешний символ "public: void __cdecl Deque<int>::popFront(void)" (?popFront@?$Deque@H@@QEAAXXZ) в функции main.
main.obj : error LNK2019: ссылка на неразрешенный внешний символ "public: void __cdecl Deque<int>::popBack(void)" (?popBack@?$Deque@H@@QEAAXXZ) в функции main.
main.obj : error LNK2019: ссылка на неразрешенный внешний символ "public: __cdecl Deque<class std::basic_string<char,struct std::char_traits<char>,class std::allocator<char> > >::Deque<class std::basic_string<char,struct std::char_traits<char>,class std::allocator<char> > >(void)" (??0?$Deque@V?$basic_string@DU?$char_traits@D@std@@V?$allocator@D@2@@std@@@@QEAA@XZ) в функции main.
main.obj : error LNK2019: ссылка на неразрешенный внешний символ "public: __cdecl Deque<class std::basic_string<char,struct std::char_traits<char>,class std::allocator<char> > >::~Deque<class std::basic_string<char,struct std::char_traits<char>,class std::allocator<char> > >(void)" (??1?$Deque@V?$basic_string@DU?$char_traits@D@std@@V?$allocator@D@2@@std@@@@QEAA@XZ) в функции main.
main.obj : error LNK2019: ссылка на неразрешенный внешний символ "public: class std::basic_string<char,struct std::char_traits<char>,class std::allocator<char> > & __cdecl Deque<class std::basic_string<char,struct std::char_traits<char>,class std::allocator<char> > >::front(void)" (?front@?$Deque@V?$basic_string@DU?$char_traits@D@std@@V?$allocator@D@2@@std@@@@QEAAAEAV?$basic_string@DU?$char_traits@D@std@@V?$allocator@D@2@@std@@XZ) в функции main.
main.obj : error LNK2019: ссылка на неразрешенный внешний символ "public: bool __cdecl Deque<class std::basic_string<char,struct std::char_traits<char>,class std::allocator<char> > >::isEmpty(void)const " (?isEmpty@?$Deque@V?$basic_string@DU?$char_traits@D@std@@V?$allocator@D@2@@std@@@@QEBA_NXZ) в функции main.
main.obj : error LNK2019: ссылка на неразрешенный внешний символ "public: unsigned __int64 __cdecl Deque<class std::basic_string<char,struct std::char_traits<char>,class std::allocator<char> > >::size(void)const " (?size@?$Deque@V?$basic_string@DU?$char_traits@D@std@@V?$allocator@D@2@@std@@@@QEBA_KXZ) в функции main.
main.obj : error LNK2019: ссылка на неразрешенный внешний символ "public: void __cdecl Deque<class std::basic_string<char,struct std::char_traits<char>,class std::allocator<char> > >::pushFront(class std::basic_string<char,struct std::char_traits<char>,class std::allocator<char> > const &)" (?pushFront@?$Deque@V?$basic_string@DU?$char_traits@D@std@@V?$allocator@D@2@@std@@@@QEAAXAEBV?$basic_string@DU?$char_traits@D@std@@V?$allocator@D@2@@std@@@Z) в функции main.
main.obj : error LNK2019: ссылка на неразрешенный внешний символ "public: void __cdecl Deque<class std::basic_string<char,struct std::char_traits<char>,class std::allocator<char> > >::pushBack(class std::basic_string<char,struct std::char_traits<char>,class std::allocator<char> > const &)" (?pushBack@?$Deque@V?$basic_string@DU?$char_traits@D@std@@V?$allocator@D@2@@std@@@@QEAAXAEBV?$basic_string@DU?$char_traits@D@std@@V?$allocator@D@2@@std@@@Z) в функции main.
main.obj : error LNK2019: ссылка на неразрешенный внешний символ "public: void __cdecl Deque<class std::basic_string<char,struct std::char_traits<char>,class std::allocator<char> > >::popFront(void)" (?popFront@?$Deque@V?$basic_string@DU?$char_traits@D@std@@V?$allocator@D@2@@std@@@@QEAAXXZ) в функции main.
main.obj : error LNK2019: ссылка на неразрешенный внешний символ "public: __cdecl Deque<double>::Deque<double>(void)" (??0?$Deque@N@@QEAA@XZ) в функции main.
main.obj : error LNK2019: ссылка на неразрешенный внешний символ "public: __cdecl Deque<double>::Deque<double>(double const &,unsigned __int64)" (??0?$Deque@N@@QEAA@AEBN_K@Z) в функции main.
main.obj : error LNK2019: ссылка на неразрешенный внешний символ "public: __cdecl Deque<double>::~Deque<double>(void)" (??1?$Deque@N@@QEAA@XZ) в функции main.
main.obj : error LNK2019: ссылка на неразрешенный внешний символ "public: class Deque<double> & __cdecl Deque<double>::operator=(class Deque<double> const &)" (??4?$Deque@N@@QEAAAEAV0@AEBV0@@Z) в функции main.
main.obj : error LNK2019: ссылка на неразрешенный внешний символ "public: double & __cdecl Deque<double>::front(void)" (?front@?$Deque@N@@QEAAAEANXZ) в функции main.
main.obj : error LNK2019: ссылка на неразрешенный внешний символ "public: double & __cdecl Deque<double>::back(void)" (?back@?$Deque@N@@QEAAAEANXZ) в функции main.
main.obj : error LNK2019: ссылка на неразрешенный внешний символ "public: unsigned __int64 __cdecl Deque<double>::size(void)const " (?size@?$Deque@N@@QEBA_KXZ) в функции main.
main.obj : error LNK2019: ссылка на неразрешенный внешний символ "public: __cdecl Deque<char>::Deque<char>(void)" (??0?$Deque@D@@QEAA@XZ) в функции main.
main.obj : error LNK2019: ссылка на неразрешенный внешний символ "public: __cdecl Deque<char>::~Deque<char>(void)" (??1?$Deque@D@@QEAA@XZ) в функции main.
main.obj : error LNK2019: ссылка на неразрешенный внешний символ "public: char & __cdecl Deque<char>::back(void)" (?back@?$Deque@D@@QEAAAEADXZ) в функции main.
main.obj : error LNK2019: ссылка на неразрешенный внешний символ "public: bool __cdecl Deque<char>::isEmpty(void)const " (?isEmpty@?$Deque@D@@QEBA_NXZ) в функции main.
main.obj : error LNK2019: ссылка на неразрешенный внешний символ "public: unsigned __int64 __cdecl Deque<char>::size(void)const " (?size@?$Deque@D@@QEBA_KXZ) в функции main.
main.obj : error LNK2019: ссылка на неразрешенный внешний символ "public: void __cdecl Deque<char>::pushFront(char const &)" (?pushFront@?$Deque@D@@QEAAXAEBD@Z) в функции main.
main.obj : error LNK2019: ссылка на неразрешенный внешний символ "public: void __cdecl Deque<char>::pushBack(char const &)" (?pushBack@?$Deque@D@@QEAAXAEBD@Z) в функции main.
main.obj : error LNK2019: ссылка на неразрешенный внешний символ "public: void __cdecl Deque<char>::popBack(void)" (?popBack@?$Deque@D@@QEAAXXZ) в функции main.
C:\Users\User\source\repos\ConsoleApplication8\x64\Debug\ConsoleApplication8.exe : fatal error LNK1120: неразрешенных внешних элементов: 34
